execve("./printFile", ["./printFile", "filewithcontent"], 0x7ffd2ee5cc08 /* 65 vars */) = 0
brk(NULL)                               = 0x55d64e1a6000
arch_prctl(0x3001 /* ARCH_??? */, 0x7fff98b8f300) = -1 EINVAL (Invalid argument)
access("/etc/ld.so.preload", R_OK)      = -1 ENOENT (No such file or directory)
openat(AT_FDCWD, "/etc/ld.so.cache", O_RDONLY|O_CLOEXEC) = 3
newfstatat(3, "", {st_mode=S_IFREG|0644, st_size=181180, ...}, AT_EMPTY_PATH) = 0
mmap(NULL, 181180, PROT_READ, MAP_PRIVATE, 3, 0) = 0x7fe0a7322000
close(3)                                = 0
openat(AT_FDCWD, "/usr/lib/libc.so.6", O_RDONLY|O_CLOEXEC) = 3
read(3, "\177ELF\2\1\1\3\0\0\0\0\0\0\0\0\3\0>\0\1\0\0\0`|\2\0\0\0\0\0"..., 832) = 832
pread64(3, "\6\0\0\0\4\0\0\0@\0\0\0\0\0\0\0@\0\0\0\0\0\0\0@\0\0\0\0\0\0\0"..., 784, 64) = 784
pread64(3, "\4\0\0\0@\0\0\0\5\0\0\0GNU\0\2\0\0\300\4\0\0\0\3\0\0\0\0\0\0\0"..., 80, 848) = 80
pread64(3, "\4\0\0\0\24\0\0\0\3\0\0\0GNU\0T\246\344\4\347\334\35\347\301CJ\0\267\261\2552"..., 68, 928) = 68
newfstatat(3, "", {st_mode=S_IFREG|0755, st_size=2154488, ...}, AT_EMPTY_PATH) = 0
mmap(NULL, 8192, PROT_READ|PROT_WRITE, MAP_PRIVATE|MAP_ANONYMOUS, -1, 0) = 0x7fe0a7320000
pread64(3, "\6\0\0\0\4\0\0\0@\0\0\0\0\0\0\0@\0\0\0\0\0\0\0@\0\0\0\0\0\0\0"..., 784, 64) = 784
mmap(NULL, 1884632, PROT_READ, MAP_PRIVATE|MAP_DENYWRITE, 3, 0) = 0x7fe0a7153000
mmap(0x7fe0a7179000, 1359872, PROT_READ|PROT_EXEC, MAP_PRIVATE|MAP_FIXED|MAP_DENYWRITE, 3, 0x26000) = 0x7fe0a7179000
mmap(0x7fe0a72c5000, 311296, PROT_READ, MAP_PRIVATE|MAP_FIXED|MAP_DENYWRITE, 3, 0x172000) = 0x7fe0a72c5000
mmap(0x7fe0a7311000, 24576, PROT_READ|PROT_WRITE, MAP_PRIVATE|MAP_FIXED|MAP_DENYWRITE, 3, 0x1bd000) = 0x7fe0a7311000
mmap(0x7fe0a7317000, 33240, PROT_READ|PROT_WRITE, MAP_PRIVATE|MAP_FIXED|MAP_ANONYMOUS, -1, 0) = 0x7fe0a7317000
close(3)                                = 0
mmap(NULL, 8192, PROT_READ|PROT_WRITE, MAP_PRIVATE|MAP_ANONYMOUS, -1, 0) = 0x7fe0a7151000
arch_prctl(ARCH_SET_FS, 0x7fe0a73215c0) = 0
mprotect(0x7fe0a7311000, 12288, PROT_READ) = 0
mprotect(0x55d64de15000, 4096, PROT_READ) = 0
mprotect(0x7fe0a737e000, 8192, PROT_READ) = 0
munmap(0x7fe0a7322000, 181180)          = 0
openat(AT_FDCWD, "filewithcontent", O_RDONLY) = 3
newfstatat(3, "", {st_mode=S_IFREG|0644, st_size=21, ...}, AT_EMPTY_PATH) = 0
mmap(NULL, 21, PROT_READ, MAP_SHARED, 3, 0) = 0x7fe0a737d000
newfstatat(1, "", {st_mode=S_IFCHR|0600, st_rdev=makedev(0x88, 0x3), ...}, AT_EMPTY_PATH) = 0
brk(NULL)                               = 0x55d64e1a6000
brk(0x55d64e1c7000)                     = 0x55d64e1c7000
write(1, "content\n", 8)                = 8
write(1, "more content\n", 13)          = 13
exit_group(0)                           = ?
+++ exited with 0 +++
